<?xml version="1.0" encoding="UTF-8"?>
<!-- Generated by org.testng.reporters.JUnitReportReporter -->
<testsuite hostname="Boopalan" failures="0" tests="4" name="tests.TC001_login" time="0.000" errors="0" timestamp="2024-09-05T11:14:12 IST" skipped="4">
  <testcase classname="tests.TC001_login" name="positiveLoginScenario" time="0.000">
    <skipped/>
  </testcase> <!-- positiveLoginScenario -->
  <testcase classname="tests.TC001_login" name="invalidEmailLoginScenario" time="0.000">
    <skipped/>
  </testcase> <!-- invalidEmailLoginScenario -->
  <testcase classname="tests.TC001_login" name="invalidPasswordLoginScenario" time="0.000">
    <skipped/>
  </testcase> <!-- invalidPasswordLoginScenario -->
  <testcase classname="tests.TC001_login" name="emptyFieldsLoginScenario" time="0.000">
    <skipped/>
  </testcase> <!-- emptyFieldsLoginScenario -->
</testsuite> <!-- tests.TC001_login -->
