<?xml version="1.0" encoding="UTF-8"?>
<!-- Generated by org.testng.reporters.JUnitReportReporter -->
<testsuite hostname="Boopalan" failures="0" tests="2" name="tests.TC002_Oneway" time="0.000" errors="0" timestamp="2024-09-05T11:14:12 IST" skipped="2">
  <testcase classname="tests.TC002_Oneway" name="negativeOneWayBookingScenario" time="0.000">
    <skipped/>
  </testcase> <!-- negativeOneWayBookingScenario -->
  <testcase classname="tests.TC002_Oneway" name="positiveOneWayBookingScenario" time="0.000">
    <skipped/>
  </testcase> <!-- positiveOneWayBookingScenario -->
</testsuite> <!-- tests.TC002_Oneway -->
