<?xml version="1.0" encoding="UTF-8"?>
<!-- Generated by org.testng.reporters.JUnitReportReporter -->
<testsuite hostname="Boopalan" failures="0" tests="1" name="tests.TC004_Payment" time="0.000" errors="0" timestamp="2024-09-05T11:14:12 IST" skipped="1">
  <testcase classname="tests.TC004_Payment" name="testPaymentProcess" time="0.000">
    <skipped/>
  </testcase> <!-- testPaymentProcess -->
</testsuite> <!-- tests.TC004_Payment -->
